<?xml version="1.0" encoding="UTF-8"?>
<!-- Generated by org.testng.reporters.JUnitReportReporter -->
<testsuite hostname="Win1064" failures="0" tests="3" name="com.test.auth.AuthenticationTest" time="6.522" errors="0" timestamp="2025-03-04T21:22:49 IST" skipped="0">
  <testcase classname="com.test.auth.AuthenticationTest" name="verifyWelcomeText" time="1.281"/>
  <system-out/>
  <testcase classname="com.test.auth.AuthenticationTest" name="verifyVersionNumber" time="0.873"/>
  <system-out/>
  <testcase classname="com.test.auth.AuthenticationTest" name="loginAndLogoutTest" time="4.368"/>
  <system-out/>
</testsuite> <!-- com.test.auth.AuthenticationTest -->
